<?xml version="1.0" encoding="UTF-8"?>
<!-- Generated by org.testng.reporters.JUnitXMLReporter -->
<testsuite ignored="0" hostname="IB-Pune-LAP-200" failures="1" tests="1" name="Test" time="6.908" errors="0" timestamp="2022-10-13T16:42:29 IST">
  <testcase classname="tests.SearchTest" name="SearchItem" time="3.624">
    <failure type="java.lang.AssertionError" message="Item is not present expected [true] but found [false]">
      <![CDATA[java.lang.AssertionError: Item is not present expected [true] but found [false]
at tests.SearchTest.SearchItem(SearchTest.java:73)
at java.base/java.util.ArrayList.forEach(ArrayList.java:1511)
... Removed 30 stack frames]]>
    </failure>
  </testcase> <!-- SearchItem -->
</testsuite> <!-- Test -->
