<?xml version="1.0" encoding="UTF-8"?>
<testng-results ignored="0" total="1" passed="1" failed="0" skipped="0">
  <reporter-output>
  </reporter-output>
  <suite started-at="2022-09-21T06:18:26Z" name="tests.SearchTest" finished-at="2022-09-21T06:18:39Z" duration-ms="12940">
    <groups>
    </groups>
    <test started-at="2022-09-21T06:18:26Z" name="Command line test" finished-at="2022-09-21T06:18:39Z" duration-ms="12940">
      <class name="tests.SearchTest">
        <test-method signature="SearchItem()[pri:0, instance:tests.SearchTest@72057ecf]" started-at="2022-09-21T06:18:26Z" name="SearchItem" finished-at="2022-09-21T06:18:39Z" duration-ms="12916" status="PASS">
          <reporter-output>
          </reporter-output>
        </test-method> <!-- SearchItem -->
      </class> <!-- tests.SearchTest -->
    </test> <!-- Command line test -->
  </suite> <!-- tests.SearchTest -->
</testng-results>
