<?xml version="1.0" encoding="UTF-8"?>
<testng-results ignored="0" total="1" passed="1" failed="0" skipped="0">
  <reporter-output>
  </reporter-output>
  <suite started-at="2022-09-20T11:40:09Z" name="Suite" finished-at="2022-09-20T11:40:09Z" duration-ms="31">
    <groups>
    </groups>
    <test started-at="2022-09-20T11:40:09Z" name="Test" finished-at="2022-09-20T11:40:09Z" duration-ms="31">
      <class name="tests.FirstTest">
        <test-method signature="test()[pri:0, instance:tests.FirstTest@1bd39d3c]" started-at="2022-09-20T11:40:09Z" name="test" finished-at="2022-09-20T11:40:09Z" duration-ms="13" status="PASS">
          <reporter-output>
          </reporter-output>
        </test-method> <!-- test -->
      </class> <!-- tests.FirstTest -->
    </test> <!-- Test -->
  </suite> <!-- Suite -->
</testng-results>
