<?xml version="1.0" encoding="UTF-8"?>
<testng-results ignored="0" total="1" passed="1" failed="0" skipped="0">
  <reporter-output>
  </reporter-output>
  <suite started-at="2022-09-22T12:42:35 IST" name="Default suite" finished-at="2022-09-22T12:42:54 IST" duration-ms="19202">
    <groups>
    </groups>
    <test started-at="2022-09-22T12:42:35 IST" name="Default test" finished-at="2022-09-22T12:42:54 IST" duration-ms="19202">
      <class name="tests.SearchTest">
        <test-method is-config="true" signature="initializeDriver()[pri:0, instance:tests.SearchTest@6404f418]" started-at="2022-09-22T12:42:35 IST" name="initializeDriver" finished-at="2022-09-22T12:42:47 IST" duration-ms="11709" status="PASS">
          <reporter-output>
          </reporter-output>
        </test-method> <!-- initializeDriver -->
        <test-method signature="SearchItem()[pri:0, instance:tests.SearchTest@6404f418]" started-at="2022-09-22T12:42:47 IST" name="SearchItem" finished-at="2022-09-22T12:42:54 IST" duration-ms="7426" status="PASS">
          <reporter-output>
          </reporter-output>
        </test-method> <!-- SearchItem -->
      </class> <!-- tests.SearchTest -->
    </test> <!-- Default test -->
  </suite> <!-- Default suite -->
</testng-results>
